{
  "uid" : "22335923d74cf50c",
  "name" : "test_payout_with_csv_file",
  "fullName" : "tests.smoke_tests.payout_test#test_payout_with_csv_file",
  "historyId" : "8ceacf2f30090822f1a3daf7d3eb96a2",
  "time" : {
    "start" : 1656341396802,
    "stop" : 1656341419464,
    "duration" : 22662
  },
  "status" : "failed",
  "statusMessage" : "AssertionError: 'Confirm transaction' pop-up isn't present!",
  "statusTrace" : "browser = <selenium.webdriver.chrome.webdriver.WebDriver (session=\"71f3f055b499dcbddafd57a71ceda6e2\")>, card_number = 4111111111111111, amount = 1100, commission_percent = 1, fix_commission = 40, currency = 'RUB'\nfile = 'data/payout_files/payout_data_accept_now.csv', status = 'Complete'\n\n>   ???\n\nC:\\Users\\Mikhlin\\PycharmProjects\\yeezypayWebProject\\tests\\smoke_test\\payout_test.py:26: \n_ _ _ _ _ _ _ _ _ _ _ _ _ _ _ _ _ _ _ _ _ _ _ _ _ _ _ _ _ _ _ _ _ _ _ _ _ _ _ _ _ _ _ _ _ _ _ _ _ _ _ _ _ _ _ _ _ _ _ _ _ _ _ _ _ _ _ _ _ _ _ _ _ _ _ _ _ _ _ _ _ _ _ _ _ _ _ _ _ _ _ _ _ _ _ _ _ _ _ _ _ _ _ _ _ _ _ _ _ _ _ _ _ _ _ _ _ \npages_steps\\payout_page_steps.py:17: in confirm_transaction\n    self.check_pop_up_visible()\n_ _ _ _ _ _ _ _ _ _ _ _ _ _ _ _ _ _ _ _ _ _ _ _ _ _ _ _ _ _ _ _ _ _ _ _ _ _ _ _ _ _ _ _ _ _ _ _ _ _ _ _ _ _ _ _ _ _ _ _ _ _ _ _ _ _ _ _ _ _ _ _ _ _ _ _ _ _ _ _ _ _ _ _ _ _ _ _ _ _ _ _ _ _ _ _ _ _ _ _ _ _ _ _ _ _ _ _ _ _ _ _ _ _ _ _ _ \n\nself = <pages_steps.payout_page_steps.PayoutPageSteps object at 0x000001D556F8FB08>\n\n    def check_pop_up_visible(self):\n        assert self.wait_element_present(5, *self.__TEXT_TOTAL_AMOUNT) \\\n               or self.wait_element_present(5,\n>              *self.__TEXT_COMMISSION) is True, \"'Confirm transaction' pop-up isn't present!\"\nE       AssertionError: 'Confirm transaction' pop-up isn't present!\n\npages\\payout_page.py:66: AssertionError",
  "flaky" : false,
  "newFailed" : false,
  "newBroken" : false,
  "newPassed" : false,
  "retriesCount" : 1,
  "retriesStatusChange" : false,
  "beforeStages" : [ {
    "name" : "browser",
    "time" : {
      "start" : 1656341394135,
      "stop" : 1656341396802,
      "duration" : 2667
    },
    "status" : "passed",
    "steps" : [ ],
    "attachments" : [ ],
    "parameters" : [ ],
    "stepsCount" : 0,
    "hasContent" : false,
    "attachmentsCount" : 0,
    "shouldDisplayMessage" : false
  } ],
  "testStage" : {
    "status" : "failed",
    "statusMessage" : "AssertionError: 'Confirm transaction' pop-up isn't present!",
    "statusTrace" : "browser = <selenium.webdriver.chrome.webdriver.WebDriver (session=\"71f3f055b499dcbddafd57a71ceda6e2\")>, card_number = 4111111111111111, amount = 1100, commission_percent = 1, fix_commission = 40, currency = 'RUB'\nfile = 'data/payout_files/payout_data_accept_now.csv', status = 'Complete'\n\n>   ???\n\nC:\\Users\\Mikhlin\\PycharmProjects\\yeezypayWebProject\\tests\\smoke_test\\payout_test.py:26: \n_ _ _ _ _ _ _ _ _ _ _ _ _ _ _ _ _ _ _ _ _ _ _ _ _ _ _ _ _ _ _ _ _ _ _ _ _ _ _ _ _ _ _ _ _ _ _ _ _ _ _ _ _ _ _ _ _ _ _ _ _ _ _ _ _ _ _ _ _ _ _ _ _ _ _ _ _ _ _ _ _ _ _ _ _ _ _ _ _ _ _ _ _ _ _ _ _ _ _ _ _ _ _ _ _ _ _ _ _ _ _ _ _ _ _ _ _ \npages_steps\\payout_page_steps.py:17: in confirm_transaction\n    self.check_pop_up_visible()\n_ _ _ _ _ _ _ _ _ _ _ _ _ _ _ _ _ _ _ _ _ _ _ _ _ _ _ _ _ _ _ _ _ _ _ _ _ _ _ _ _ _ _ _ _ _ _ _ _ _ _ _ _ _ _ _ _ _ _ _ _ _ _ _ _ _ _ _ _ _ _ _ _ _ _ _ _ _ _ _ _ _ _ _ _ _ _ _ _ _ _ _ _ _ _ _ _ _ _ _ _ _ _ _ _ _ _ _ _ _ _ _ _ _ _ _ _ \n\nself = <pages_steps.payout_page_steps.PayoutPageSteps object at 0x000001D556F8FB08>\n\n    def check_pop_up_visible(self):\n        assert self.wait_element_present(5, *self.__TEXT_TOTAL_AMOUNT) \\\n               or self.wait_element_present(5,\n>              *self.__TEXT_COMMISSION) is True, \"'Confirm transaction' pop-up isn't present!\"\nE       AssertionError: 'Confirm transaction' pop-up isn't present!\n\npages\\payout_page.py:66: AssertionError",
    "steps" : [ ],
    "attachments" : [ {
      "uid" : "75f3ff96bfbc0f14",
      "name" : "screenshot",
      "source" : "75f3ff96bfbc0f14.png",
      "type" : "image/png",
      "size" : 29562
    }, {
      "uid" : "24410eba740c326b",
      "name" : "log",
      "source" : "24410eba740c326b.txt",
      "type" : "text/plain",
      "size" : 761
    } ],
    "parameters" : [ ],
    "stepsCount" : 0,
    "hasContent" : true,
    "attachmentsCount" : 2,
    "shouldDisplayMessage" : true
  },
  "afterStages" : [ {
    "name" : "browser::0",
    "time" : {
      "start" : 1656341419582,
      "stop" : 1656341421799,
      "duration" : 2217
    },
    "status" : "passed",
    "steps" : [ ],
    "attachments" : [ ],
    "parameters" : [ ],
    "stepsCount" : 0,
    "hasContent" : false,
    "attachmentsCount" : 0,
    "shouldDisplayMessage" : false
  } ],
  "labels" : [ {
    "name" : "tag",
    "value" : "payout"
  }, {
    "name" : "tag",
    "value" : "smoke"
  }, {
    "name" : "parentSuite",
    "value" : "tests.smoke_tests"
  }, {
    "name" : "suite",
    "value" : "payout_test"
  }, {
    "name" : "host",
    "value" : "Mikhlin-nb"
  }, {
    "name" : "thread",
    "value" : "8604-MainThread"
  }, {
    "name" : "framework",
    "value" : "pytest"
  }, {
    "name" : "language",
    "value" : "cpython3"
  }, {
    "name" : "package",
    "value" : "tests.smoke_tests.payout_test"
  }, {
    "name" : "resultFormat",
    "value" : "allure2"
  } ],
  "parameters" : [ ],
  "links" : [ ],
  "hidden" : false,
  "retry" : false,
  "extra" : {
    "severity" : "normal",
    "retries" : [ {
      "uid" : "14e620cb13dc1a38",
      "status" : "failed",
      "statusDetails" : "AssertionError: 'Create new payment' button isn't clickable!",
      "time" : {
        "start" : 1656341379771,
        "stop" : 1656341391610,
        "duration" : 11839
      }
    } ],
    "categories" : [ {
      "name" : "Product defects",
      "matchedStatuses" : [ ],
      "flaky" : false
    } ],
    "tags" : [ "payout", "smoke" ]
  },
  "source" : "22335923d74cf50c.json",
  "parameterValues" : [ ]
}